{
  "stats": {
    "suites": 1,
    "tests": 1,
    "passes": 0,
    "pending": 0,
    "failures": 1,
    "start": "2021-08-08T14:26:26.633Z",
    "end": "2021-08-08T14:27:30.692Z",
    "duration": 64059,
    "testsRegistered": 1,
    "passPercent": 0,
    "pendingPercent": 0,
    "other": 0,
    "hasOther": false,
    "skipped": 0,
    "hasSkipped": false
  },
  "results": [
    {
      "uuid": "a330ccbc-aa46-4b71-9deb-3514b3225575",
      "title": "",
      "fullFile": "cypress/integration/com.techproed/day08_POM_Test.js",
      "file": "cypress/integration/com.techproed/day08_POM_Test.js",
      "beforeHooks": [],
      "afterHooks": [],
      "tests": [],
      "suites": [
        {
          "uuid": "7c230fe0-933a-44e9-b4c3-5358aa884d00",
          "title": "Paylinn Bank",
          "fullFile": "",
          "file": "",
          "beforeHooks": [],
          "afterHooks": [],
          "tests": [
            {
              "title": "paylinn login test",
              "fullTitle": "Paylinn Bank paylinn login test",
              "timedOut": null,
              "duration": 60417,
              "state": "failed",
              "speed": null,
              "pass": false,
              "fail": true,
              "pending": false,
              "context": null,
              "code": "//page object oluşturma \nconst homePage = new _HomePage.default(); //login oluşturma\nconst loginPage = new _LoginPage.default();\ncy.visit(\"https://www.paylinn.com/\"); //Sign In’e click\nhomePage.getSigninLink().click(); //username gir\nloginPage.getUserNameBox().type(this.data.username); //username girildiğini doğrula\nloginPage.getUserNameBox().should(\"have.attr\", \"value\", this.data.username); //password gir\nloginPage.getPasswordBox().type(this.data.password); //password girildigini dogrula\nloginPage.getPasswordBox().should(\"have.attr\", \"value\", this.data.password); //sign In butonuna tikla\nloginPage.getLoginButton().click(); //giris yapildigini onayla\nloginPage.getWelcomeText().should(\"contain.text\", \"Welcome\"); //giris yapildigini assert etme\nloginPage.getNewbarHeader().should(\"contain.text\", \"Welcome\").and(\"contain.text\", \"React\").and(\"contain.text\", \"Logout\").and(\"contain.text\", this.data.username);",
              "err": {
                "message": "CypressError: Timed out after waiting `60000ms` for your remote page to load.\n\nYour page did not fire its `load` event within `60000ms`.\n\nYou can try increasing the `pageLoadTimeout` value in `cypress.json` to wait longer.\n\nBrowsers will not fire the `load` event until all stylesheets and scripts are done downloading.\n\nWhen this `load` event occurs, Cypress will continue running commands.",
                "estack": "CypressError: Timed out after waiting `60000ms` for your remote page to load.\n\nYour page did not fire its `load` event within `60000ms`.\n\nYou can try increasing the `pageLoadTimeout` value in `cypress.json` to wait longer.\n\nBrowsers will not fire the `load` event until all stylesheets and scripts are done downloading.\n\nWhen this `load` event occurs, Cypress will continue running commands.\n    at timedOutWaitingForPageLoad (https://www.paylinn.com/__cypress/runner/cypress_runner.js:139540:13)\n    at https://www.paylinn.com/__cypress/runner/cypress_runner.js:140560:16\n    at tryCatcher (https://www.paylinn.com/__cypress/runner/cypress_runner.js:10798:23)\n    at https://www.paylinn.com/__cypress/runner/cypress_runner.js:5920:41\n    at tryCatcher (https://www.paylinn.com/__cypress/runner/cypress_runner.js:10798:23)\n    at Promise._settlePromiseFromHandler (https://www.paylinn.com/__cypress/runner/cypress_runner.js:8733:31)\n    at Promise._settlePromise (https://www.paylinn.com/__cypress/runner/cypress_runner.js:8790:18)\n    at Promise._settlePromise0 (https://www.paylinn.com/__cypress/runner/cypress_runner.js:8835:10)\n    at Promise._settlePromises (https://www.paylinn.com/__cypress/runner/cypress_runner.js:8911:18)\n    at _drainQueueStep (https://www.paylinn.com/__cypress/runner/cypress_runner.js:5505:12)\n    at _drainQueue (https://www.paylinn.com/__cypress/runner/cypress_runner.js:5498:9)\n    at Async.../../node_modules/bluebird/js/release/async.js.Async._drainQueues (https://www.paylinn.com/__cypress/runner/cypress_runner.js:5514:5)\n    at Async.drainQueues (https://www.paylinn.com/__cypress/runner/cypress_runner.js:5384:14)\nFrom Your Spec Code:\n    at Context.eval (https://www.paylinn.com/__cypress/tests?p=cypress\\integration\\com.techproed\\day08_POM_Test.js:138:8)",
                "diff": null
              },
              "uuid": "775cbc9c-57cd-486d-8a2a-5b5805d9e70a",
              "parentUUID": "7c230fe0-933a-44e9-b4c3-5358aa884d00",
              "isHook": false,
              "skipped": false
            }
          ],
          "suites": [],
          "passes": [],
          "failures": [
            "775cbc9c-57cd-486d-8a2a-5b5805d9e70a"
          ],
          "pending": [],
          "skipped": [],
          "duration": 60417,
          "root": false,
          "rootEmpty": false,
          "_timeout": 2000
        }
      ],
      "passes": [],
      "failures": [],
      "pending": [],
      "skipped": [],
      "duration": 0,
      "root": true,
      "rootEmpty": true,
      "_timeout": 2000
    }
  ],
  "meta": {
    "mocha": {
      "version": "7.0.1"
    },
    "mochawesome": {
      "options": {
        "quiet": false,
        "reportFilename": "report",
        "saveHtml": true,
        "saveJson": true,
        "consoleReporter": "spec",
        "useInlineDiffs": false,
        "code": true
      },
      "version": "6.2.2"
    },
    "marge": {
      "options": {
        "reportDir": "cypress/reports",
        "reportFilename": "report",
        "charts": true,
        "overwrite": false,
        "html": true,
        "json": true
      },
      "version": "5.2.0"
    }
  }
}