{
  "stats": {
    "suites": 1,
    "tests": 1,
    "passes": 1,
    "pending": 1,
    "failures": -1,
    "start": "2021-08-08T14:10:19.623Z",
    "end": "2021-08-08T14:11:10.734Z",
    "duration": 51111,
    "testsRegistered": 2,
    "passPercent": 100,
    "pendingPercent": 50,
    "other": 1,
    "hasOther": true,
    "skipped": 1,
    "hasSkipped": true
  },
  "results": [
    {
      "uuid": "8d1ccafa-46d7-49f5-893d-8628943adb66",
      "title": "",
      "fullFile": "cypress/integration/com.techproed/day02_navigation.js",
      "file": "cypress/integration/com.techproed/day02_navigation.js",
      "beforeHooks": [],
      "afterHooks": [],
      "tests": [],
      "suites": [
        {
          "uuid": "863b1712-d63a-4bed-a542-680a5c84352f",
          "title": "Navigation",
          "fullFile": "",
          "file": "",
          "beforeHooks": [],
          "afterHooks": [],
          "tests": [
            {
              "title": "back, forward, refresh",
              "fullTitle": "Navigation back, forward, refresh",
              "timedOut": null,
              "duration": 0,
              "state": "pending",
              "speed": null,
              "pass": false,
              "fail": false,
              "pending": true,
              "context": null,
              "code": "",
              "err": {},
              "uuid": "8a1b8e1a-404a-45b1-9bb6-d45997543fdf",
              "parentUUID": "863b1712-d63a-4bed-a542-680a5c84352f",
              "isHook": false,
              "skipped": false
            },
            {
              "title": "Zincirleme Navigasyon",
              "fullTitle": "Navigation Zincirleme Navigasyon",
              "timedOut": null,
              "duration": 48761,
              "state": "passed",
              "speed": "slow",
              "pass": true,
              "fail": false,
              "pending": false,
              "context": null,
              "code": "cy.visit(\"https://qa-environment.koalaresorthotels.com/\");\ncy.contains('Log in').click().go('back') // cy.pause() testi durdurur. \n.go('forward').go(-1);\ncy.reload(true) //true yazmasak da olur.\n.contains('Log in').should('be.visible');",
              "err": {},
              "uuid": "c5f87009-c997-49aa-898d-058302b85286",
              "parentUUID": "863b1712-d63a-4bed-a542-680a5c84352f",
              "isHook": false,
              "skipped": false
            }
          ],
          "suites": [],
          "passes": [
            "c5f87009-c997-49aa-898d-058302b85286"
          ],
          "failures": [],
          "pending": [
            "8a1b8e1a-404a-45b1-9bb6-d45997543fdf"
          ],
          "skipped": [],
          "duration": 48761,
          "root": false,
          "rootEmpty": false,
          "_timeout": 2000
        }
      ],
      "passes": [],
      "failures": [],
      "pending": [],
      "skipped": [],
      "duration": 0,
      "root": true,
      "rootEmpty": true,
      "_timeout": 2000
    }
  ],
  "meta": {
    "mocha": {
      "version": "7.0.1"
    },
    "mochawesome": {
      "options": {
        "quiet": false,
        "reportFilename": "report",
        "saveHtml": true,
        "saveJson": true,
        "consoleReporter": "spec",
        "useInlineDiffs": false,
        "code": true
      },
      "version": "6.2.2"
    },
    "marge": {
      "options": {
        "reportDir": "cypress/reports",
        "reportFilename": "report",
        "charts": true,
        "overwrite": false,
        "html": true,
        "json": true
      },
      "version": "5.2.0"
    }
  }
}