{
  "stats": {
    "suites": 1,
    "tests": 1,
    "passes": 0,
    "pending": 0,
    "failures": 1,
    "start": "2021-08-08T14:14:55.401Z",
    "end": "2021-08-08T14:16:02.433Z",
    "duration": 67032,
    "testsRegistered": 1,
    "passPercent": 0,
    "pendingPercent": 0,
    "other": 0,
    "hasOther": false,
    "skipped": 0,
    "hasSkipped": false
  },
  "results": [
    {
      "uuid": "5dae6132-ed1a-40e8-a521-8e5f1634f37f",
      "title": "",
      "fullFile": "cypress/integration/com.techproed/day04_iframe.js",
      "file": "cypress/integration/com.techproed/day04_iframe.js",
      "beforeHooks": [],
      "afterHooks": [],
      "tests": [],
      "suites": [
        {
          "uuid": "6d9025a9-fc1b-4025-b65f-7cbded2081e7",
          "title": "iframe",
          "fullFile": "",
          "file": "",
          "beforeHooks": [],
          "afterHooks": [],
          "tests": [
            {
              "title": "iframe test",
              "fullTitle": "iframe iframe test",
              "timedOut": null,
              "duration": 60697,
              "state": "failed",
              "speed": null,
              "pass": false,
              "fail": true,
              "pending": false,
              "context": null,
              "code": "cy.visit(\"https://the-internet.herokuapp.com/iframe\");\ncy.get(\"h3\").should(\"contain\", \"Editor\");\ncy.frameLoaded(\"#mce_0_ifr\"); //iframeloaded ile yerini tanımlıyoruz. ve içinde bulunuyooruz.\ncy.iframe().find(\"p\").clear(); //iframe içindeki p tag'ı ile yazılmış yazıyı clear ile sildik.\ncy.iframe().find(\"p\").type(\"Hello World\"); //Seleniumdaki gibi switch to yapmamıza gerek yok. Ayrıca tekrar iframe den çıkmamızada gerek yok. Yani aşağıda olduğu gibi\ncy.get(\".large-4 > div > a\").click();",
              "err": {
                "message": "CypressError: Timed out after waiting `60000ms` for your remote page to load.\n\nYour page did not fire its `load` event within `60000ms`.\n\nYou can try increasing the `pageLoadTimeout` value in `cypress.json` to wait longer.\n\nBrowsers will not fire the `load` event until all stylesheets and scripts are done downloading.\n\nWhen this `load` event occurs, Cypress will continue running commands.",
                "estack": "CypressError: Timed out after waiting `60000ms` for your remote page to load.\n\nYour page did not fire its `load` event within `60000ms`.\n\nYou can try increasing the `pageLoadTimeout` value in `cypress.json` to wait longer.\n\nBrowsers will not fire the `load` event until all stylesheets and scripts are done downloading.\n\nWhen this `load` event occurs, Cypress will continue running commands.\n    at timedOutWaitingForPageLoad (https://the-internet.herokuapp.com/__cypress/runner/cypress_runner.js:139540:13)\n    at https://the-internet.herokuapp.com/__cypress/runner/cypress_runner.js:140560:16\n    at tryCatcher (https://the-internet.herokuapp.com/__cypress/runner/cypress_runner.js:10798:23)\n    at https://the-internet.herokuapp.com/__cypress/runner/cypress_runner.js:5920:41\n    at tryCatcher (https://the-internet.herokuapp.com/__cypress/runner/cypress_runner.js:10798:23)\n    at Promise._settlePromiseFromHandler (https://the-internet.herokuapp.com/__cypress/runner/cypress_runner.js:8733:31)\n    at Promise._settlePromise (https://the-internet.herokuapp.com/__cypress/runner/cypress_runner.js:8790:18)\n    at Promise._settlePromise0 (https://the-internet.herokuapp.com/__cypress/runner/cypress_runner.js:8835:10)\n    at Promise._settlePromises (https://the-internet.herokuapp.com/__cypress/runner/cypress_runner.js:8911:18)\n    at _drainQueueStep (https://the-internet.herokuapp.com/__cypress/runner/cypress_runner.js:5505:12)\n    at _drainQueue (https://the-internet.herokuapp.com/__cypress/runner/cypress_runner.js:5498:9)\n    at Async.../../node_modules/bluebird/js/release/async.js.Async._drainQueues (https://the-internet.herokuapp.com/__cypress/runner/cypress_runner.js:5514:5)\n    at Async.drainQueues (https://the-internet.herokuapp.com/__cypress/runner/cypress_runner.js:5384:14)\nFrom Your Spec Code:\n    at Context.eval (https://the-internet.herokuapp.com/__cypress/tests?p=cypress\\integration\\com.techproed\\day04_iframe.js:104:8)",
                "diff": null
              },
              "uuid": "f72f7265-4696-4723-b0b1-206144d82141",
              "parentUUID": "6d9025a9-fc1b-4025-b65f-7cbded2081e7",
              "isHook": false,
              "skipped": false
            }
          ],
          "suites": [],
          "passes": [],
          "failures": [
            "f72f7265-4696-4723-b0b1-206144d82141"
          ],
          "pending": [],
          "skipped": [],
          "duration": 60697,
          "root": false,
          "rootEmpty": false,
          "_timeout": 2000
        }
      ],
      "passes": [],
      "failures": [],
      "pending": [],
      "skipped": [],
      "duration": 0,
      "root": true,
      "rootEmpty": true,
      "_timeout": 2000
    }
  ],
  "meta": {
    "mocha": {
      "version": "7.0.1"
    },
    "mochawesome": {
      "options": {
        "quiet": false,
        "reportFilename": "report",
        "saveHtml": true,
        "saveJson": true,
        "consoleReporter": "spec",
        "useInlineDiffs": false,
        "code": true
      },
      "version": "6.2.2"
    },
    "marge": {
      "options": {
        "reportDir": "cypress/reports",
        "reportFilename": "report",
        "charts": true,
        "overwrite": false,
        "html": true,
        "json": true
      },
      "version": "5.2.0"
    }
  }
}