{
  "stats": {
    "suites": 1,
    "tests": 1,
    "passes": 1,
    "pending": 0,
    "failures": 0,
    "start": "2021-08-08T14:21:35.178Z",
    "end": "2021-08-08T14:22:36.987Z",
    "duration": 61809,
    "testsRegistered": 1,
    "passPercent": 100,
    "pendingPercent": 0,
    "other": 0,
    "hasOther": false,
    "skipped": 0,
    "hasSkipped": false
  },
  "results": [
    {
      "uuid": "3e557147-ba1f-4649-8b09-38df40515a15",
      "title": "",
      "fullFile": "cypress/integration/com.techproed/day06_hook.js",
      "file": "cypress/integration/com.techproed/day06_hook.js",
      "beforeHooks": [],
      "afterHooks": [],
      "tests": [],
      "suites": [
        {
          "uuid": "836a525a-a980-495f-a83e-5eeb7b2dd8e7",
          "title": "hooks",
          "fullFile": "",
          "file": "",
          "beforeHooks": [],
          "afterHooks": [],
          "tests": [
            {
              "title": "test 1",
              "fullTitle": "hooks test 1",
              "timedOut": null,
              "duration": 55188,
              "state": "passed",
              "speed": "slow",
              "pass": true,
              "fail": false,
              "pending": false,
              "context": null,
              "code": "cy.contains('Log in').click();",
              "err": {},
              "uuid": "14b1b42a-78ca-4935-b0f9-193c95d57a3f",
              "parentUUID": "836a525a-a980-495f-a83e-5eeb7b2dd8e7",
              "isHook": false,
              "skipped": false
            }
          ],
          "suites": [],
          "passes": [
            "14b1b42a-78ca-4935-b0f9-193c95d57a3f"
          ],
          "failures": [],
          "pending": [],
          "skipped": [],
          "duration": 55188,
          "root": false,
          "rootEmpty": false,
          "_timeout": 2000
        }
      ],
      "passes": [],
      "failures": [],
      "pending": [],
      "skipped": [],
      "duration": 0,
      "root": true,
      "rootEmpty": true,
      "_timeout": 2000
    }
  ],
  "meta": {
    "mocha": {
      "version": "7.0.1"
    },
    "mochawesome": {
      "options": {
        "quiet": false,
        "reportFilename": "report",
        "saveHtml": true,
        "saveJson": true,
        "consoleReporter": "spec",
        "useInlineDiffs": false,
        "code": true
      },
      "version": "6.2.2"
    },
    "marge": {
      "options": {
        "reportDir": "cypress/reports",
        "reportFilename": "report",
        "charts": true,
        "overwrite": false,
        "html": true,
        "json": true
      },
      "version": "5.2.0"
    }
  }
}