{
  "stats": {
    "suites": 1,
    "tests": 1,
    "passes": 0,
    "pending": 0,
    "failures": 1,
    "start": "2021-08-08T14:12:09.502Z",
    "end": "2021-08-08T14:15:49.096Z",
    "duration": 219594,
    "testsRegistered": 1,
    "passPercent": 0,
    "pendingPercent": 0,
    "other": 0,
    "hasOther": false,
    "skipped": 0,
    "hasSkipped": false
  },
  "results": [
    {
      "uuid": "7d8b2e96-0b96-4739-99f3-a8256d448e4a",
      "title": "",
      "fullFile": "cypress/integration/smoke-test/day01_login_test.js",
      "file": "cypress/integration/smoke-test/day01_login_test.js",
      "beforeHooks": [],
      "afterHooks": [],
      "tests": [],
      "suites": [
        {
          "uuid": "05e0de3d-206a-4fbc-83f7-0920ce67e282",
          "title": "Crystal Key Hotel",
          "fullFile": "",
          "file": "",
          "beforeHooks": [],
          "afterHooks": [],
          "tests": [
            {
              "title": "Url Testi",
              "fullTitle": "Crystal Key Hotel Url Testi",
              "timedOut": null,
              "duration": 92488,
              "state": "failed",
              "speed": null,
              "pass": false,
              "fail": true,
              "pending": false,
              "context": null,
              "code": "cy.visit(\"https://qa-environment.koalaresorthotels.com/\"); //login yapalım\n//1. yol\n//cy.get(\"#navLogon > .nav-link\").click();\n//2. yol\ncy.contains(\"Log in\").click(); //contains() metni text olarak buluyor\n//username ve password girelim\ncy.get(\"#UserName\").type('manager');\ncy.get(\"#Password\").type('Manager1!');\ncy.get(\"#btnSubmit\").click();",
              "err": {
                "message": "CypressError: Timed out after waiting `60000ms` for your remote page to load.\n\nYour page did not fire its `load` event within `60000ms`.\n\nYou can try increasing the `pageLoadTimeout` value in `cypress.json` to wait longer.\n\nBrowsers will not fire the `load` event until all stylesheets and scripts are done downloading.\n\nWhen this `load` event occurs, Cypress will continue running commands.",
                "estack": "CypressError: Timed out after waiting `60000ms` for your remote page to load.\n\nYour page did not fire its `load` event within `60000ms`.\n\nYou can try increasing the `pageLoadTimeout` value in `cypress.json` to wait longer.\n\nBrowsers will not fire the `load` event until all stylesheets and scripts are done downloading.\n\nWhen this `load` event occurs, Cypress will continue running commands.\n    at timedOutWaitingForPageLoad (https://qa-environment.koalaresorthotels.com/__cypress/runner/cypress_runner.js:139540:13)\n    at https://qa-environment.koalaresorthotels.com/__cypress/runner/cypress_runner.js:139836:16\n    at tryCatcher (https://qa-environment.koalaresorthotels.com/__cypress/runner/cypress_runner.js:10798:23)\n    at https://qa-environment.koalaresorthotels.com/__cypress/runner/cypress_runner.js:5920:41\n    at tryCatcher (https://qa-environment.koalaresorthotels.com/__cypress/runner/cypress_runner.js:10798:23)\n    at Promise._settlePromiseFromHandler (https://qa-environment.koalaresorthotels.com/__cypress/runner/cypress_runner.js:8733:31)\n    at Promise._settlePromise (https://qa-environment.koalaresorthotels.com/__cypress/runner/cypress_runner.js:8790:18)\n    at Promise._settlePromise0 (https://qa-environment.koalaresorthotels.com/__cypress/runner/cypress_runner.js:8835:10)\n    at Promise._settlePromises (https://qa-environment.koalaresorthotels.com/__cypress/runner/cypress_runner.js:8911:18)\n    at _drainQueueStep (https://qa-environment.koalaresorthotels.com/__cypress/runner/cypress_runner.js:5505:12)\n    at _drainQueue (https://qa-environment.koalaresorthotels.com/__cypress/runner/cypress_runner.js:5498:9)\n    at Async.../../node_modules/bluebird/js/release/async.js.Async._drainQueues (https://qa-environment.koalaresorthotels.com/__cypress/runner/cypress_runner.js:5514:5)\n    at Async.drainQueues (https://qa-environment.koalaresorthotels.com/__cypress/runner/cypress_runner.js:5384:14)",
                "diff": null
              },
              "uuid": "d9d83764-7172-411c-aaeb-c146cee63425",
              "parentUUID": "05e0de3d-206a-4fbc-83f7-0920ce67e282",
              "isHook": false,
              "skipped": false
            }
          ],
          "suites": [],
          "passes": [],
          "failures": [
            "d9d83764-7172-411c-aaeb-c146cee63425"
          ],
          "pending": [],
          "skipped": [],
          "duration": 92488,
          "root": false,
          "rootEmpty": false,
          "_timeout": 2000
        }
      ],
      "passes": [],
      "failures": [],
      "pending": [],
      "skipped": [],
      "duration": 0,
      "root": true,
      "rootEmpty": true,
      "_timeout": 2000
    }
  ],
  "meta": {
    "mocha": {
      "version": "7.0.1"
    },
    "mochawesome": {
      "options": {
        "quiet": false,
        "reportFilename": "report",
        "saveHtml": true,
        "saveJson": true,
        "consoleReporter": "spec",
        "useInlineDiffs": false,
        "code": true
      },
      "version": "6.2.2"
    },
    "marge": {
      "options": {
        "reportDir": "cypress/reports",
        "reportFilename": "report",
        "charts": true,
        "overwrite": false,
        "html": true,
        "json": true
      },
      "version": "5.2.0"
    }
  }
}