{
  "stats": {
    "suites": 1,
    "tests": 1,
    "passes": 1,
    "pending": 2,
    "failures": -2,
    "start": "2021-08-08T14:11:12.828Z",
    "end": "2021-08-08T14:11:55.105Z",
    "duration": 42277,
    "testsRegistered": 3,
    "passPercent": 100,
    "pendingPercent": 66.66666666666666,
    "other": 2,
    "hasOther": true,
    "skipped": 2,
    "hasSkipped": true
  },
  "results": [
    {
      "uuid": "1238084d-7fb5-4dcd-bb92-94847254d0a1",
      "title": "",
      "fullFile": "cypress/integration/com.techproed/day03_checkbox.js",
      "file": "cypress/integration/com.techproed/day03_checkbox.js",
      "beforeHooks": [],
      "afterHooks": [],
      "tests": [],
      "suites": [
        {
          "uuid": "01cf33b1-a1de-4878-b3fb-5b5986d9fb78",
          "title": "checkboxes",
          "fullFile": "",
          "file": "",
          "beforeHooks": [],
          "afterHooks": [],
          "tests": [
            {
              "title": "checkboxes",
              "fullTitle": "checkboxes checkboxes",
              "timedOut": null,
              "duration": 0,
              "state": "pending",
              "speed": null,
              "pass": false,
              "fail": false,
              "pending": true,
              "context": null,
              "code": "",
              "err": {},
              "uuid": "d3b40ac3-760b-42dc-b763-cf73d16145e2",
              "parentUUID": "01cf33b1-a1de-4878-b3fb-5b5986d9fb78",
              "isHook": false,
              "skipped": false
            },
            {
              "title": "check all checkboxes",
              "fullTitle": "checkboxes check all checkboxes",
              "timedOut": null,
              "duration": 0,
              "state": "pending",
              "speed": null,
              "pass": false,
              "fail": false,
              "pending": true,
              "context": null,
              "code": "",
              "err": {},
              "uuid": "49ced4ce-0aeb-4712-8b27-06376101ff76",
              "parentUUID": "01cf33b1-a1de-4878-b3fb-5b5986d9fb78",
              "isHook": false,
              "skipped": false
            },
            {
              "title": "click",
              "fullTitle": "checkboxes click",
              "timedOut": null,
              "duration": 37096,
              "state": "passed",
              "speed": "slow",
              "pass": true,
              "fail": false,
              "pending": false,
              "context": null,
              "code": "cy.visit(\"http://automationpractice.com/index.php\");\ncy.get('a[title=\"Women\"]').click();\ncy.get('input[type=\"checkbox\"]').click({\n  multiple: true\n}); //normalde click sadece bir tane için çalşırmış ama eger çoklu click yapmak istiyorsak click içine ({ multiple: true }) yazarsak sorun çozulur. Abi superrrr yaaa...\ncy.get('input[type=\"checkbox\"]').should(\"be.checked\"); //click({ multiple: true }) -> click() tek elemente uygulanır.\n//birden fazla elemente uygulmak icin { multiple: true } kullanilir.\n//Assert\n//1)\ncy.get('input[type=\"checkbox\"]').first().should('be.checked'); //first ilk checboxe tıklar.\n//2)\ncy.get('input[type=\"checkbox\"]').first().parent().should(\"have.class\", \"checked\"); //htmle baktığında check olunca yukarıda span yanındaki classda checked çıkıyor. Onun için have.class yaptık aynı şekilde aşağıdakiler içinde yapabiliriz \n//3)should(‘have.id’, ‘username’)\n//4)should(‘have.type’, ‘text’)\n//should(‘have.class’, ‘container’)",
              "err": {},
              "uuid": "8fd42a99-eb73-4d32-a6c3-3e42446c663f",
              "parentUUID": "01cf33b1-a1de-4878-b3fb-5b5986d9fb78",
              "isHook": false,
              "skipped": false
            }
          ],
          "suites": [],
          "passes": [
            "8fd42a99-eb73-4d32-a6c3-3e42446c663f"
          ],
          "failures": [],
          "pending": [
            "d3b40ac3-760b-42dc-b763-cf73d16145e2",
            "49ced4ce-0aeb-4712-8b27-06376101ff76"
          ],
          "skipped": [],
          "duration": 37096,
          "root": false,
          "rootEmpty": false,
          "_timeout": 2000
        }
      ],
      "passes": [],
      "failures": [],
      "pending": [],
      "skipped": [],
      "duration": 0,
      "root": true,
      "rootEmpty": true,
      "_timeout": 2000
    }
  ],
  "meta": {
    "mocha": {
      "version": "7.0.1"
    },
    "mochawesome": {
      "options": {
        "quiet": false,
        "reportFilename": "report",
        "saveHtml": true,
        "saveJson": true,
        "consoleReporter": "spec",
        "useInlineDiffs": false,
        "code": true
      },
      "version": "6.2.2"
    },
    "marge": {
      "options": {
        "reportDir": "cypress/reports",
        "reportFilename": "report",
        "charts": true,
        "overwrite": false,
        "html": true,
        "json": true
      },
      "version": "5.2.0"
    }
  }
}