{
  "stats": {
    "suites": 1,
    "tests": 1,
    "passes": 1,
    "pending": 0,
    "failures": 0,
    "start": "2021-08-08T14:17:19.566Z",
    "end": "2021-08-08T14:18:21.975Z",
    "duration": 62409,
    "testsRegistered": 1,
    "passPercent": 100,
    "pendingPercent": 0,
    "other": 0,
    "hasOther": false,
    "skipped": 0,
    "hasSkipped": false
  },
  "results": [
    {
      "uuid": "5585a9d0-75dd-4623-a46b-6f99b9ab7fc7",
      "title": "",
      "fullFile": "cypress/integration/com.techproed/day04.alerts.js",
      "file": "cypress/integration/com.techproed/day04.alerts.js",
      "beforeHooks": [],
      "afterHooks": [],
      "tests": [],
      "suites": [
        {
          "uuid": "89683b8f-1178-4f3d-86ce-37c3550efa7c",
          "title": "allerts",
          "fullFile": "",
          "file": "",
          "beforeHooks": [],
          "afterHooks": [],
          "tests": [
            {
              "title": "dismiss alert",
              "fullTitle": "allerts dismiss alert",
              "timedOut": null,
              "duration": 56608,
              "state": "passed",
              "speed": "slow",
              "pass": true,
              "fail": false,
              "pending": false,
              "context": null,
              "code": "cy.visit(\"https://the-internet.herokuapp.com/javascript_alerts\");\ncy.get(\":nth-child(2) > button\").click(); //cypres otomatik olarak tamam butonuna tikladi\n//ama iptal butonunu secmek istiyoruz\n//browser controlu icin on() funksiyonu kullanacagiz\n//on()-> jquery bir fonksiyondur\n//window(object):confirm(functionality)\ncy.on(\"window:confirm\", str => {\n  return false; //return true -> default olarak tamam tikla demek\n});\ncy.get(\"#result\").should(\"have.text\", \"You clicked: Cancel\");",
              "err": {},
              "uuid": "07530a9e-f143-4e8e-b93c-f52939b1bb23",
              "parentUUID": "89683b8f-1178-4f3d-86ce-37c3550efa7c",
              "isHook": false,
              "skipped": false
            }
          ],
          "suites": [],
          "passes": [
            "07530a9e-f143-4e8e-b93c-f52939b1bb23"
          ],
          "failures": [],
          "pending": [],
          "skipped": [],
          "duration": 56608,
          "root": false,
          "rootEmpty": false,
          "_timeout": 2000
        }
      ],
      "passes": [],
      "failures": [],
      "pending": [],
      "skipped": [],
      "duration": 0,
      "root": true,
      "rootEmpty": true,
      "_timeout": 2000
    }
  ],
  "meta": {
    "mocha": {
      "version": "7.0.1"
    },
    "mochawesome": {
      "options": {
        "quiet": false,
        "reportFilename": "report",
        "saveHtml": true,
        "saveJson": true,
        "consoleReporter": "spec",
        "useInlineDiffs": false,
        "code": true
      },
      "version": "6.2.2"
    },
    "marge": {
      "options": {
        "reportDir": "cypress/reports",
        "reportFilename": "report",
        "charts": true,
        "overwrite": false,
        "html": true,
        "json": true
      },
      "version": "5.2.0"
    }
  }
}