{
  "stats": {
    "suites": 1,
    "tests": 1,
    "passes": 0,
    "pending": 0,
    "failures": 1,
    "start": "2021-08-08T14:25:19.734Z",
    "end": "2021-08-08T14:26:23.988Z",
    "duration": 64254,
    "testsRegistered": 1,
    "passPercent": 0,
    "pendingPercent": 0,
    "other": 0,
    "hasOther": false,
    "skipped": 0,
    "hasSkipped": false
  },
  "results": [
    {
      "uuid": "08a8b109-cc6a-4632-9c15-4dd7aab62535",
      "title": "",
      "fullFile": "cypress/integration/com.techproed/day07_paylinn_bank.js",
      "file": "cypress/integration/com.techproed/day07_paylinn_bank.js",
      "beforeHooks": [],
      "afterHooks": [],
      "tests": [],
      "suites": [
        {
          "uuid": "294aaeea-e128-4704-b8b4-e36167c0904b",
          "title": "Paylinn Bank",
          "fullFile": "",
          "file": "",
          "beforeHooks": [],
          "afterHooks": [],
          "tests": [
            {
              "title": "paylinn login test",
              "fullTitle": "Paylinn Bank paylinn login test",
              "timedOut": null,
              "duration": 60464,
              "state": "failed",
              "speed": null,
              "pass": false,
              "fail": true,
              "pending": false,
              "context": null,
              "code": "//URL’e git\ncy.visit(\"https://www.paylinn.com/\"); //Sign In’e click\ncy.contains(\"Sign In\").click(); //username gir\ncy.get(\":nth-child(1) > .MuiFormControl-root > .MuiInputBase-root > .MuiInputBase-input\").type(\"User\"); //password gir\ncy.get(\":nth-child(2) > .MuiFormControl-root > .MuiInputBase-root > .MuiInputBase-input\").type(\"user\"); //sign In butonuna tikla\ncy.get(\".MuiButton-label\").click(); //giris yapildigini onayla\ncy.get(\".header__nav > :nth-child(1) > .header__lineOne\").should(\"contain.text\", \"Welcome\");",
              "err": {
                "message": "CypressError: Timed out after waiting `60000ms` for your remote page to load.\n\nYour page did not fire its `load` event within `60000ms`.\n\nYou can try increasing the `pageLoadTimeout` value in `cypress.json` to wait longer.\n\nBrowsers will not fire the `load` event until all stylesheets and scripts are done downloading.\n\nWhen this `load` event occurs, Cypress will continue running commands.",
                "estack": "CypressError: Timed out after waiting `60000ms` for your remote page to load.\n\nYour page did not fire its `load` event within `60000ms`.\n\nYou can try increasing the `pageLoadTimeout` value in `cypress.json` to wait longer.\n\nBrowsers will not fire the `load` event until all stylesheets and scripts are done downloading.\n\nWhen this `load` event occurs, Cypress will continue running commands.\n    at timedOutWaitingForPageLoad (https://www.paylinn.com/__cypress/runner/cypress_runner.js:139540:13)\n    at https://www.paylinn.com/__cypress/runner/cypress_runner.js:140560:16\n    at tryCatcher (https://www.paylinn.com/__cypress/runner/cypress_runner.js:10798:23)\n    at https://www.paylinn.com/__cypress/runner/cypress_runner.js:5920:41\n    at tryCatcher (https://www.paylinn.com/__cypress/runner/cypress_runner.js:10798:23)\n    at Promise._settlePromiseFromHandler (https://www.paylinn.com/__cypress/runner/cypress_runner.js:8733:31)\n    at Promise._settlePromise (https://www.paylinn.com/__cypress/runner/cypress_runner.js:8790:18)\n    at Promise._settlePromise0 (https://www.paylinn.com/__cypress/runner/cypress_runner.js:8835:10)\n    at Promise._settlePromises (https://www.paylinn.com/__cypress/runner/cypress_runner.js:8911:18)\n    at _drainQueueStep (https://www.paylinn.com/__cypress/runner/cypress_runner.js:5505:12)\n    at _drainQueue (https://www.paylinn.com/__cypress/runner/cypress_runner.js:5498:9)\n    at Async.../../node_modules/bluebird/js/release/async.js.Async._drainQueues (https://www.paylinn.com/__cypress/runner/cypress_runner.js:5514:5)\n    at Async.drainQueues (https://www.paylinn.com/__cypress/runner/cypress_runner.js:5384:14)\nFrom Your Spec Code:\n    at Context.eval (https://www.paylinn.com/__cypress/tests?p=cypress\\integration\\com.techproed\\day07_paylinn_bank.js:102:8)",
                "diff": null
              },
              "uuid": "58740b8c-746b-4f36-86c1-d307228c97e7",
              "parentUUID": "294aaeea-e128-4704-b8b4-e36167c0904b",
              "isHook": false,
              "skipped": false
            }
          ],
          "suites": [],
          "passes": [],
          "failures": [
            "58740b8c-746b-4f36-86c1-d307228c97e7"
          ],
          "pending": [],
          "skipped": [],
          "duration": 60464,
          "root": false,
          "rootEmpty": false,
          "_timeout": 2000
        }
      ],
      "passes": [],
      "failures": [],
      "pending": [],
      "skipped": [],
      "duration": 0,
      "root": true,
      "rootEmpty": true,
      "_timeout": 2000
    }
  ],
  "meta": {
    "mocha": {
      "version": "7.0.1"
    },
    "mochawesome": {
      "options": {
        "quiet": false,
        "reportFilename": "report",
        "saveHtml": true,
        "saveJson": true,
        "consoleReporter": "spec",
        "useInlineDiffs": false,
        "code": true
      },
      "version": "6.2.2"
    },
    "marge": {
      "options": {
        "reportDir": "cypress/reports",
        "reportFilename": "report",
        "charts": true,
        "overwrite": false,
        "html": true,
        "json": true
      },
      "version": "5.2.0"
    }
  }
}