{
  "stats": {
    "suites": 1,
    "tests": 1,
    "passes": 0,
    "pending": 0,
    "failures": 1,
    "start": "2021-08-08T14:24:13.867Z",
    "end": "2021-08-08T14:25:17.559Z",
    "duration": 63692,
    "testsRegistered": 1,
    "passPercent": 0,
    "pendingPercent": 0,
    "other": 0,
    "hasOther": false,
    "skipped": 0,
    "hasSkipped": false
  },
  "results": [
    {
      "uuid": "98659fac-81ba-46d2-9f2f-a24e585c6ce2",
      "title": "",
      "fullFile": "cypress/integration/com.techproed/day07_paylin_bank_with_fixture.js",
      "file": "cypress/integration/com.techproed/day07_paylin_bank_with_fixture.js",
      "beforeHooks": [],
      "afterHooks": [],
      "tests": [],
      "suites": [
        {
          "uuid": "0d6c1fc0-2ad4-48e5-8f97-578c4efafca4",
          "title": "Paylinn Bank",
          "fullFile": "",
          "file": "",
          "beforeHooks": [],
          "afterHooks": [],
          "tests": [
            {
              "title": "paylinn login test",
              "fullTitle": "Paylinn Bank paylinn login test",
              "timedOut": null,
              "duration": 60536,
              "state": "failed",
              "speed": null,
              "pass": false,
              "fail": true,
              "pending": false,
              "context": null,
              "code": "//URL’e git\ncy.visit(\"https://www.paylinn.com/\"); //Sign In’e click\ncy.contains(\"Sign In\").click(); //username gir\ncy.get(\":nth-child(1) > .MuiFormControl-root > .MuiInputBase-root > .MuiInputBase-input\").type(this.data.username); //username girildigini dogrula\n//value attribute dogrulayacagiz. html de incele dediğimizde username yerine deger girdiğimizde aşağısdaki gibi value atrribute kısmı farklı oluyor. Onu kullanarak assret yapabiliriz.\n//<input aria-invalid=“true” name=“username” type=“text” class=“MuiInputBase-input MuiInput-input” value=“”>\n//<input aria-invalid=“false” name=“username” type=“text” class=“MuiInputBase-input MuiInput-input” value=“User”>\ncy.get(\":nth-child(1) > .MuiFormControl-root > .MuiInputBase-root > .MuiInputBase-input\").should(\"have.attr\", \"value\", this.data.username); //password gir\n//aynı şekilde yazılan ifadeler password içinde geçerlidir.\ncy.get(\":nth-child(2) > .MuiFormControl-root > .MuiInputBase-root > .MuiInputBase-input\").should(\"have.attr\", \"value\", this.data.password);\ncy.get(\":nth-child(2) > .MuiFormControl-root > .MuiInputBase-root > .MuiInputBase-input\").type(this.data.password); //sign In butonuna tikla\ncy.get(\".MuiButton-label\").click(); //giris yapildigini onayla\ncy.get(\".header__nav > :nth-child(1) > .header__lineOne\").should(\"contain.text\", \"Welcome\").and(\"contain.text\", this.data.username).and(\"contain.text\", \"Logout\").and(\"contain.text\", \"React\");",
              "err": {
                "message": "CypressError: Timed out after waiting `60000ms` for your remote page to load.\n\nYour page did not fire its `load` event within `60000ms`.\n\nYou can try increasing the `pageLoadTimeout` value in `cypress.json` to wait longer.\n\nBrowsers will not fire the `load` event until all stylesheets and scripts are done downloading.\n\nWhen this `load` event occurs, Cypress will continue running commands.",
                "estack": "CypressError: Timed out after waiting `60000ms` for your remote page to load.\n\nYour page did not fire its `load` event within `60000ms`.\n\nYou can try increasing the `pageLoadTimeout` value in `cypress.json` to wait longer.\n\nBrowsers will not fire the `load` event until all stylesheets and scripts are done downloading.\n\nWhen this `load` event occurs, Cypress will continue running commands.\n    at timedOutWaitingForPageLoad (https://www.paylinn.com/__cypress/runner/cypress_runner.js:139540:13)\n    at https://www.paylinn.com/__cypress/runner/cypress_runner.js:140560:16\n    at tryCatcher (https://www.paylinn.com/__cypress/runner/cypress_runner.js:10798:23)\n    at https://www.paylinn.com/__cypress/runner/cypress_runner.js:5920:41\n    at tryCatcher (https://www.paylinn.com/__cypress/runner/cypress_runner.js:10798:23)\n    at Promise._settlePromiseFromHandler (https://www.paylinn.com/__cypress/runner/cypress_runner.js:8733:31)\n    at Promise._settlePromise (https://www.paylinn.com/__cypress/runner/cypress_runner.js:8790:18)\n    at Promise._settlePromise0 (https://www.paylinn.com/__cypress/runner/cypress_runner.js:8835:10)\n    at Promise._settlePromises (https://www.paylinn.com/__cypress/runner/cypress_runner.js:8911:18)\n    at _drainQueueStep (https://www.paylinn.com/__cypress/runner/cypress_runner.js:5505:12)\n    at _drainQueue (https://www.paylinn.com/__cypress/runner/cypress_runner.js:5498:9)\n    at Async.../../node_modules/bluebird/js/release/async.js.Async._drainQueues (https://www.paylinn.com/__cypress/runner/cypress_runner.js:5514:5)\n    at Async.drainQueues (https://www.paylinn.com/__cypress/runner/cypress_runner.js:5384:14)\nFrom Your Spec Code:\n    at Context.eval (https://www.paylinn.com/__cypress/tests?p=cypress\\integration\\com.techproed\\day07_paylin_bank_with_fixture.js:108:8)",
                "diff": null
              },
              "uuid": "c2e1dddb-12ed-424e-9c4d-edd92575d20c",
              "parentUUID": "0d6c1fc0-2ad4-48e5-8f97-578c4efafca4",
              "isHook": false,
              "skipped": false
            }
          ],
          "suites": [],
          "passes": [],
          "failures": [
            "c2e1dddb-12ed-424e-9c4d-edd92575d20c"
          ],
          "pending": [],
          "skipped": [],
          "duration": 60536,
          "root": false,
          "rootEmpty": false,
          "_timeout": 2000
        }
      ],
      "passes": [],
      "failures": [],
      "pending": [],
      "skipped": [],
      "duration": 0,
      "root": true,
      "rootEmpty": true,
      "_timeout": 2000
    }
  ],
  "meta": {
    "mocha": {
      "version": "7.0.1"
    },
    "mochawesome": {
      "options": {
        "quiet": false,
        "reportFilename": "report",
        "saveHtml": true,
        "saveJson": true,
        "consoleReporter": "spec",
        "useInlineDiffs": false,
        "code": true
      },
      "version": "6.2.2"
    },
    "marge": {
      "options": {
        "reportDir": "cypress/reports",
        "reportFilename": "report",
        "charts": true,
        "overwrite": false,
        "html": true,
        "json": true
      },
      "version": "5.2.0"
    }
  }
}