{
  "stats": {
    "suites": 1,
    "tests": 1,
    "passes": 0,
    "pending": 0,
    "failures": 1,
    "start": "2021-08-08T14:11:58.723Z",
    "end": "2021-08-08T14:13:08.314Z",
    "duration": 69591,
    "testsRegistered": 1,
    "passPercent": 0,
    "pendingPercent": 0,
    "other": 0,
    "hasOther": false,
    "skipped": 0,
    "hasSkipped": false
  },
  "results": [
    {
      "uuid": "2d571b4a-e3cb-4a66-b484-ce0e8010f96f",
      "title": "",
      "fullFile": "cypress/integration/com.techproed/day03_hover_over.js",
      "file": "cypress/integration/com.techproed/day03_hover_over.js",
      "beforeHooks": [],
      "afterHooks": [],
      "tests": [],
      "suites": [
        {
          "uuid": "57f9fbd7-350b-4bb3-8ebb-0778a85f36a2",
          "title": "hover Over",
          "fullFile": "",
          "file": "",
          "beforeHooks": [],
          "afterHooks": [],
          "tests": [
            {
              "title": "move over",
              "fullTitle": "hover Over move over",
              "timedOut": null,
              "duration": 60651,
              "state": "failed",
              "speed": null,
              "pass": false,
              "fail": true,
              "pending": false,
              "context": null,
              "code": "cy.visit(\"https://www.amazon.com/\");\ncy.get(\".icp-nav-link-inner > .nav-line-2 > .nav-icon\").trigger(\"mouseover\"); //trigger ile mouse hareket ettiriyoruz\n//change country/region\ncy.contains(\"Change country/region\").click(); //select canada\n//cy.get(‘.a-dropdown-prompt’).select(‘Canada’)\n/*\n    <span class=“a-dropdown-prompt”>United States</span>\n    yukaridaki locater bu tag icerinde geciyor.\n    Ancak cy.select() kodu kullanirken locaterlarin <span></span>\n    icerinde olmamasi lazim.\n      locate ederken dropdownda acamazsa select yoktu bu ornekte uyari verdi ondan manual olarak parenta gittik ilk select buldugumuz yerde id yi aldik.\n    */\ncy.get(\"#icp-selected-country\").select(\"Canada\", {\n  force: true\n}); // dropdown ellemetleri acmak ici kullaniyoruz.",
              "err": {
                "message": "CypressError: Timed out after waiting `60000ms` for your remote page to load.\n\nYour page did not fire its `load` event within `60000ms`.\n\nYou can try increasing the `pageLoadTimeout` value in `cypress.json` to wait longer.\n\nBrowsers will not fire the `load` event until all stylesheets and scripts are done downloading.\n\nWhen this `load` event occurs, Cypress will continue running commands.",
                "estack": "CypressError: Timed out after waiting `60000ms` for your remote page to load.\n\nYour page did not fire its `load` event within `60000ms`.\n\nYou can try increasing the `pageLoadTimeout` value in `cypress.json` to wait longer.\n\nBrowsers will not fire the `load` event until all stylesheets and scripts are done downloading.\n\nWhen this `load` event occurs, Cypress will continue running commands.\n    at timedOutWaitingForPageLoad (https://www.amazon.com/__cypress/runner/cypress_runner.js:139540:13)\n    at https://www.amazon.com/__cypress/runner/cypress_runner.js:140560:16\n    at tryCatcher (https://www.amazon.com/__cypress/runner/cypress_runner.js:10798:23)\n    at https://www.amazon.com/__cypress/runner/cypress_runner.js:5920:41\n    at tryCatcher (https://www.amazon.com/__cypress/runner/cypress_runner.js:10798:23)\n    at Promise._settlePromiseFromHandler (https://www.amazon.com/__cypress/runner/cypress_runner.js:8733:31)\n    at Promise._settlePromise (https://www.amazon.com/__cypress/runner/cypress_runner.js:8790:18)\n    at Promise._settlePromise0 (https://www.amazon.com/__cypress/runner/cypress_runner.js:8835:10)\n    at Promise._settlePromises (https://www.amazon.com/__cypress/runner/cypress_runner.js:8911:18)\n    at _drainQueueStep (https://www.amazon.com/__cypress/runner/cypress_runner.js:5505:12)\n    at _drainQueue (https://www.amazon.com/__cypress/runner/cypress_runner.js:5498:9)\n    at Async.../../node_modules/bluebird/js/release/async.js.Async._drainQueues (https://www.amazon.com/__cypress/runner/cypress_runner.js:5514:5)\n    at Async.drainQueues (https://www.amazon.com/__cypress/runner/cypress_runner.js:5384:14)\nFrom Your Spec Code:\n    at Context.eval (https://www.amazon.com/__cypress/tests?p=cypress\\integration\\com.techproed\\day03_hover_over.js:101:8)",
                "diff": null
              },
              "uuid": "c3dfe23f-392b-4468-8ab5-78819343b729",
              "parentUUID": "57f9fbd7-350b-4bb3-8ebb-0778a85f36a2",
              "isHook": false,
              "skipped": false
            }
          ],
          "suites": [],
          "passes": [],
          "failures": [
            "c3dfe23f-392b-4468-8ab5-78819343b729"
          ],
          "pending": [],
          "skipped": [],
          "duration": 60651,
          "root": false,
          "rootEmpty": false,
          "_timeout": 2000
        }
      ],
      "passes": [],
      "failures": [],
      "pending": [],
      "skipped": [],
      "duration": 0,
      "root": true,
      "rootEmpty": true,
      "_timeout": 2000
    }
  ],
  "meta": {
    "mocha": {
      "version": "7.0.1"
    },
    "mochawesome": {
      "options": {
        "quiet": false,
        "reportFilename": "report",
        "saveHtml": true,
        "saveJson": true,
        "consoleReporter": "spec",
        "useInlineDiffs": false,
        "code": true
      },
      "version": "6.2.2"
    },
    "marge": {
      "options": {
        "reportDir": "cypress/reports",
        "reportFilename": "report",
        "charts": true,
        "overwrite": false,
        "html": true,
        "json": true
      },
      "version": "5.2.0"
    }
  }
}