{
  "stats": {
    "suites": 1,
    "tests": 1,
    "passes": 0,
    "pending": 0,
    "failures": 1,
    "start": "2021-08-08T14:13:13.202Z",
    "end": "2021-08-08T14:14:26.082Z",
    "duration": 72880,
    "testsRegistered": 1,
    "passPercent": 0,
    "pendingPercent": 0,
    "other": 0,
    "hasOther": false,
    "skipped": 0,
    "hasSkipped": false
  },
  "results": [
    {
      "uuid": "e56b5896-7ba1-47e5-b1df-f8ba7738639b",
      "title": "",
      "fullFile": "cypress/integration/com.techproed/day03_scroll.js",
      "file": "cypress/integration/com.techproed/day03_scroll.js",
      "beforeHooks": [],
      "afterHooks": [],
      "tests": [],
      "suites": [
        {
          "uuid": "236fb810-4e92-4e57-89a3-780626cd3601",
          "title": "sccroll",
          "fullFile": "",
          "file": "",
          "beforeHooks": [],
          "afterHooks": [],
          "tests": [
            {
              "title": "scroll into view",
              "fullTitle": "sccroll scroll into view",
              "timedOut": null,
              "duration": 60623,
              "state": "failed",
              "speed": null,
              "pass": false,
              "fail": true,
              "pending": false,
              "context": null,
              "code": "cy.visit(\"https://qa-environment.koalaresorthotels.com/\");\ncy.get(\".col-md-7 > .mb-4\").scrollIntoView();\ncy.wait(2000); //scrollIntoView() locate edilen yere gider.\ncy.get(\":nth-child(9) > .container > .justify-content-center > .col-md-7 > h2\").scrollIntoView();\ncy.wait(3000); //veya scroolTo komutu ile de sayfayı kaydırabiliriz.\ncy.scrollTo('bottom'); //en aşağıya goturur.\ncy.wait(3000);\ncy.scrollTo('top'); //en yukarıya goturur.\ncy.wait(3000);\ncy.scrollTo(0, 1000); //1000px aşağı gider.\ncy.wait(3000);\ncy.scrollTo(0, -500); //500px yukarı çıkar.\ncy.wait(3000);",
              "err": {
                "message": "CypressError: Timed out after waiting `60000ms` for your remote page to load.\n\nYour page did not fire its `load` event within `60000ms`.\n\nYou can try increasing the `pageLoadTimeout` value in `cypress.json` to wait longer.\n\nBrowsers will not fire the `load` event until all stylesheets and scripts are done downloading.\n\nWhen this `load` event occurs, Cypress will continue running commands.",
                "estack": "CypressError: Timed out after waiting `60000ms` for your remote page to load.\n\nYour page did not fire its `load` event within `60000ms`.\n\nYou can try increasing the `pageLoadTimeout` value in `cypress.json` to wait longer.\n\nBrowsers will not fire the `load` event until all stylesheets and scripts are done downloading.\n\nWhen this `load` event occurs, Cypress will continue running commands.\n    at timedOutWaitingForPageLoad (https://qa-environment.koalaresorthotels.com/__cypress/runner/cypress_runner.js:139540:13)\n    at https://qa-environment.koalaresorthotels.com/__cypress/runner/cypress_runner.js:140560:16\n    at tryCatcher (https://qa-environment.koalaresorthotels.com/__cypress/runner/cypress_runner.js:10798:23)\n    at https://qa-environment.koalaresorthotels.com/__cypress/runner/cypress_runner.js:5920:41\n    at tryCatcher (https://qa-environment.koalaresorthotels.com/__cypress/runner/cypress_runner.js:10798:23)\n    at Promise._settlePromiseFromHandler (https://qa-environment.koalaresorthotels.com/__cypress/runner/cypress_runner.js:8733:31)\n    at Promise._settlePromise (https://qa-environment.koalaresorthotels.com/__cypress/runner/cypress_runner.js:8790:18)\n    at Promise._settlePromise0 (https://qa-environment.koalaresorthotels.com/__cypress/runner/cypress_runner.js:8835:10)\n    at Promise._settlePromises (https://qa-environment.koalaresorthotels.com/__cypress/runner/cypress_runner.js:8911:18)\n    at _drainQueueStep (https://qa-environment.koalaresorthotels.com/__cypress/runner/cypress_runner.js:5505:12)\n    at _drainQueue (https://qa-environment.koalaresorthotels.com/__cypress/runner/cypress_runner.js:5498:9)\n    at Async.../../node_modules/bluebird/js/release/async.js.Async._drainQueues (https://qa-environment.koalaresorthotels.com/__cypress/runner/cypress_runner.js:5514:5)\n    at Async.drainQueues (https://qa-environment.koalaresorthotels.com/__cypress/runner/cypress_runner.js:5384:14)\nFrom Your Spec Code:\n    at Context.eval (https://qa-environment.koalaresorthotels.com/__cypress/tests?p=cypress\\integration\\com.techproed\\day03_scroll.js:101:8)",
                "diff": null
              },
              "uuid": "b2b2ae73-08eb-4e98-819b-1ff49326f309",
              "parentUUID": "236fb810-4e92-4e57-89a3-780626cd3601",
              "isHook": false,
              "skipped": false
            }
          ],
          "suites": [],
          "passes": [],
          "failures": [
            "b2b2ae73-08eb-4e98-819b-1ff49326f309"
          ],
          "pending": [],
          "skipped": [],
          "duration": 60623,
          "root": false,
          "rootEmpty": false,
          "_timeout": 2000
        }
      ],
      "passes": [],
      "failures": [],
      "pending": [],
      "skipped": [],
      "duration": 0,
      "root": true,
      "rootEmpty": true,
      "_timeout": 2000
    }
  ],
  "meta": {
    "mocha": {
      "version": "7.0.1"
    },
    "mochawesome": {
      "options": {
        "quiet": false,
        "reportFilename": "report",
        "saveHtml": true,
        "saveJson": true,
        "consoleReporter": "spec",
        "useInlineDiffs": false,
        "code": true
      },
      "version": "6.2.2"
    },
    "marge": {
      "options": {
        "reportDir": "cypress/reports",
        "reportFilename": "report",
        "charts": true,
        "overwrite": false,
        "html": true,
        "json": true
      },
      "version": "5.2.0"
    }
  }
}