{
  "stats": {
    "suites": 1,
    "tests": 1,
    "passes": 1,
    "pending": 0,
    "failures": 0,
    "start": "2021-08-08T14:09:36.030Z",
    "end": "2021-08-08T14:09:56.688Z",
    "duration": 20658,
    "testsRegistered": 1,
    "passPercent": 100,
    "pendingPercent": 0,
    "other": 0,
    "hasOther": false,
    "skipped": 0,
    "hasSkipped": false
  },
  "results": [
    {
      "uuid": "ec95ae0f-4650-47ae-8ecd-7b60c64fe963",
      "title": "",
      "fullFile": "cypress/integration/com.techproed/day02_dropdown.js",
      "file": "cypress/integration/com.techproed/day02_dropdown.js",
      "beforeHooks": [],
      "afterHooks": [],
      "tests": [],
      "suites": [
        {
          "uuid": "de93b2d0-5bef-43bb-a403-f86b411bfe7a",
          "title": "dropdown",
          "fullFile": "",
          "file": "",
          "beforeHooks": [],
          "afterHooks": [],
          "tests": [
            {
              "title": "dropdown test",
              "fullTitle": "dropdown dropdown test",
              "timedOut": null,
              "duration": 16066,
              "state": "passed",
              "speed": "slow",
              "pass": true,
              "fail": false,
              "pending": false,
              "context": null,
              "code": "cy.visit('https://the-internet.herokuapp.com/dropdown');\ncy.get(\"#dropdown\").select('Option 1');\ncy.wait(3000); //select option 2\ncy.get('#dropdown').select('Option 2').should('have.value', '2'); //boylece assert etmiş olduk.",
              "err": {},
              "uuid": "456bcdcc-067b-4ce6-b8e7-1e158ce55570",
              "parentUUID": "de93b2d0-5bef-43bb-a403-f86b411bfe7a",
              "isHook": false,
              "skipped": false
            }
          ],
          "suites": [],
          "passes": [
            "456bcdcc-067b-4ce6-b8e7-1e158ce55570"
          ],
          "failures": [],
          "pending": [],
          "skipped": [],
          "duration": 16066,
          "root": false,
          "rootEmpty": false,
          "_timeout": 2000
        }
      ],
      "passes": [],
      "failures": [],
      "pending": [],
      "skipped": [],
      "duration": 0,
      "root": true,
      "rootEmpty": true,
      "_timeout": 2000
    }
  ],
  "meta": {
    "mocha": {
      "version": "7.0.1"
    },
    "mochawesome": {
      "options": {
        "quiet": false,
        "reportFilename": "report",
        "saveHtml": true,
        "saveJson": true,
        "consoleReporter": "spec",
        "useInlineDiffs": false,
        "code": true
      },
      "version": "6.2.2"
    },
    "marge": {
      "options": {
        "reportDir": "cypress/reports",
        "reportFilename": "report",
        "charts": true,
        "overwrite": false,
        "html": true,
        "json": true
      },
      "version": "5.2.0"
    }
  }
}