{
  "stats": {
    "suites": 1,
    "tests": 2,
    "passes": 2,
    "pending": 0,
    "failures": 0,
    "start": "2021-08-08T14:07:31.036Z",
    "end": "2021-08-08T14:08:43.193Z",
    "duration": 72157,
    "testsRegistered": 2,
    "passPercent": 100,
    "pendingPercent": 0,
    "other": 0,
    "hasOther": false,
    "skipped": 0,
    "hasSkipped": false
  },
  "results": [
    {
      "uuid": "31be63c3-d7d9-41ef-9c7c-d3d9dc133ebd",
      "title": "",
      "fullFile": "cypress/integration/com.techproed/day01.first.test.js",
      "file": "cypress/integration/com.techproed/day01.first.test.js",
      "beforeHooks": [],
      "afterHooks": [],
      "tests": [],
      "suites": [
        {
          "uuid": "ca62e7f8-a567-4506-9ffe-5a6c9bb7c9b3",
          "title": "My First Test",
          "fullFile": "",
          "file": "",
          "beforeHooks": [],
          "afterHooks": [],
          "tests": [
            {
              "title": "URL Testi",
              "fullTitle": "My First Test URL Testi",
              "timedOut": null,
              "duration": 32657,
              "state": "passed",
              "speed": "slow",
              "pass": true,
              "fail": false,
              "pending": false,
              "context": null,
              "code": "//burada da yapılacak testi tanımlıyoruz @Test anotaion gibi\n//it ('Testin ismi', 'oluşturulacak fonksiyonlar' )\n//URL adresinde google var mı?\ncy.visit('https://www.google.com/'); //visit ile siteye gider.\ncy.url().should('include', 'www.google.com'); //url testini yaptık should include ile yapılıyor.",
              "err": {},
              "uuid": "d8e170ff-109d-404b-9b22-68c852ad136a",
              "parentUUID": "ca62e7f8-a567-4506-9ffe-5a6c9bb7c9b3",
              "isHook": false,
              "skipped": false
            },
            {
              "title": "Title Test",
              "fullTitle": "My First Test Title Test",
              "timedOut": null,
              "duration": 34936,
              "state": "passed",
              "speed": "slow",
              "pass": true,
              "fail": false,
              "pending": false,
              "context": null,
              "code": "//Title da google var mı \ncy.visit('https://www.google.com/');\ncy.title().should('eq', 'Google');",
              "err": {},
              "uuid": "6b410bd3-aeb1-4e1c-98d2-58841462329f",
              "parentUUID": "ca62e7f8-a567-4506-9ffe-5a6c9bb7c9b3",
              "isHook": false,
              "skipped": false
            }
          ],
          "suites": [],
          "passes": [
            "d8e170ff-109d-404b-9b22-68c852ad136a",
            "6b410bd3-aeb1-4e1c-98d2-58841462329f"
          ],
          "failures": [],
          "pending": [],
          "skipped": [],
          "duration": 67593,
          "root": false,
          "rootEmpty": false,
          "_timeout": 2000
        }
      ],
      "passes": [],
      "failures": [],
      "pending": [],
      "skipped": [],
      "duration": 0,
      "root": true,
      "rootEmpty": true,
      "_timeout": 2000
    }
  ],
  "meta": {
    "mocha": {
      "version": "7.0.1"
    },
    "mochawesome": {
      "options": {
        "quiet": false,
        "reportFilename": "report",
        "saveHtml": true,
        "saveJson": true,
        "consoleReporter": "spec",
        "useInlineDiffs": false,
        "code": true
      },
      "version": "6.2.2"
    },
    "marge": {
      "options": {
        "reportDir": "cypress/reports",
        "reportFilename": "report",
        "charts": true,
        "overwrite": false,
        "html": true,
        "json": true
      },
      "version": "5.2.0"
    }
  }
}